00:36:00.184 [main] INFO  com.framework.reusablecomponent.BaseClass - Product Matched 
00:36:00.944 [main] INFO  com.framework.reusablecomponent.BaseClass - iN CHROME Browser
00:36:08.829 [main] INFO  com.framework.reusablecomponent.BaseClass - All tab  section is clicked and page load succssfully
00:36:11.956 [main] INFO  com.framework.reusablecomponent.BaseClass - navigated to 2nd page
00:36:12.192 [main] INFO  com.framework.reusablecomponent.BaseClass - Product is successfully displayed
00:36:12.966 [main] INFO  com.framework.reusablecomponent.BaseClass - iN CHROME Browser
00:36:20.876 [main] INFO  com.framework.reusablecomponent.BaseClass - Astronaut USB Night Light product selected
00:36:20.876 [main] INFO  com.framework.reusablecomponent.BaseClass - product added to cart
00:36:22.575 [main] INFO  com.framework.reusablecomponent.BaseClass - Navigated to cart
00:36:22.576 [main] INFO  com.framework.reusablecomponent.BaseClass - Product added to cart successfully
00:36:27.517 [main] INFO  com.framework.reusablecomponent.BaseClass - successfully navigated to the checkout page
00:36:28.262 [main] INFO  com.framework.reusablecomponent.BaseClass - iN CHROME Browser
00:36:32.843 [main] INFO  com.framework.reusablecomponent.BaseClass - Iteraiing through footer elements
00:36:33.218 [main] INFO  com.framework.reusablecomponent.BaseClass - footer elements verified
00:36:33.958 [main] INFO  com.framework.reusablecomponent.BaseClass - iN CHROME Browser
00:36:40.871 [main] INFO  com.framework.reusablecomponent.BaseClass - contact page loaded successfully
00:36:46.585 [main] INFO  com.framework.reusablecomponent.BaseClass - message sent successfully
00:36:47.322 [main] INFO  com.framework.reusablecomponent.BaseClass - iN CHROME Browser
00:36:51.790 [main] INFO  com.framework.reusablecomponent.BaseClass - Hover performed successfully
00:37:00.547 [main] INFO  com.framework.reusablecomponent.BaseClass - desired page loaded successfully
